Arguments: 
  /usr/local/bin/node /usr/local/bin/yarn init

PATH: 
  /Users/codingcollective/bin:/usr/local/bin:/Users/codingcollective/.local/bin:/Users/codingcollective/.composer/vendor/bin:/Users/codingcollective/flutter/bin:/Users/codingcollective/.gem/bin:/Users/codingcollective/.gem/ruby/2.6.0/bin:/usr/local/bin:/usr/bin:/bin:/usr/sbin:/sbin:/usr/local/go/bin

Yarn version: 
  1.22.10

Node version: 
  14.16.0

Platform: 
  darwin x64

Trace: 
  SyntaxError: /Users/codingcollective/Project/node-ts-boilerplate/package.json: Unexpected end of JSON input
      at JSON.parse (<anonymous>)
      at /usr/local/lib/node_modules/yarn/lib/cli.js:1625:59
      at Generator.next (<anonymous>)
      at step (/usr/local/lib/node_modules/yarn/lib/cli.js:310:30)
      at /usr/local/lib/node_modules/yarn/lib/cli.js:321:13

npm manifest: 
  

yarn manifest: 
  No manifest

Lockfile: 
  No lockfile
